This is pdfTeX, Version 3.141592653-2.6-1.40.24 (MiKTeX 22.12) (preloaded format=pdflatex 2023.1.19)  19 JAN 2023 14:40
entering extended mode
 restricted \write18 enabled.
 %&-line parsing enabled.
**./959N1_L1_Introduction.tex
(959N1_L1_Introduction.tex
LaTeX2e <2022-11-01> patch level 1
L3 programming layer <2022-12-17>
(C:\Users\David Eggleton\AppData\Local\Programs\MiKTeX\tex/latex/beamer\beamer.
cls
Document Class: beamer 2022/09/13 v3.68 A class for typesetting presentations

(C:\Users\David Eggleton\AppData\Local\Programs\MiKTeX\tex/latex/beamer\beamerb
asemodes.sty
(C:\Users\David Eggleton\AppData\Local\Programs\MiKTeX\tex/latex/etoolbox\etool
box.sty
Package: etoolbox 2020/10/05 v2.5k e-TeX tools for LaTeX (JAW)
\etb@tempcnta=\count185
)
\beamer@tempbox=\box51
\beamer@tempcount=\count186
\c@beamerpauses=\count187

(C:\Users\David Eggleton\AppData\Local\Programs\MiKTeX\tex/latex/beamer\beamerb
asedecode.sty
\beamer@slideinframe=\count188
\beamer@minimum=\count189
\beamer@decode@box=\box52
)
\beamer@commentbox=\box53
\beamer@modecount=\count190
)
(C:\Users\David Eggleton\AppData\Local\Programs\MiKTeX\tex/generic/iftex\iftex.
sty
Package: iftex 2022/02/03 v1.0f TeX engine tests
)
\headdp=\dimen140
\footheight=\dimen141
\sidebarheight=\dimen142
\beamer@tempdim=\dimen143
\beamer@finalheight=\dimen144
\beamer@animht=\dimen145
\beamer@animdp=\dimen146
\beamer@animwd=\dimen147
\beamer@leftmargin=\dimen148
\beamer@rightmargin=\dimen149
\beamer@leftsidebar=\dimen150
\beamer@rightsidebar=\dimen151
\beamer@boxsize=\dimen152
\beamer@vboxoffset=\dimen153
\beamer@descdefault=\dimen154
\beamer@descriptionwidth=\dimen155
\beamer@lastskip=\skip48
\beamer@areabox=\box54
\beamer@animcurrent=\box55
\beamer@animshowbox=\box56
\beamer@sectionbox=\box57
\beamer@logobox=\box58
\beamer@linebox=\box59
\beamer@sectioncount=\count191
\beamer@subsubsectionmax=\count192
\beamer@subsectionmax=\count193
\beamer@sectionmax=\count194
\beamer@totalheads=\count195
\beamer@headcounter=\count196
\beamer@partstartpage=\count197
\beamer@sectionstartpage=\count198
\beamer@subsectionstartpage=\count199
\beamer@animationtempa=\count266
\beamer@animationtempb=\count267
\beamer@xpos=\count268
\beamer@ypos=\count269
\beamer@ypos@offset=\count270
\beamer@showpartnumber=\count271
\beamer@currentsubsection=\count272
\beamer@coveringdepth=\count273
\beamer@sectionadjust=\count274
\beamer@toclastsection=\count275
\beamer@tocsectionnumber=\count276

(C:\Users\David Eggleton\AppData\Local\Programs\MiKTeX\tex/latex/beamer\beamerb
aseoptions.sty
(C:\Users\David Eggleton\AppData\Local\Programs\MiKTeX\tex/latex/graphics\keyva
l.sty
Package: keyval 2022/05/29 v1.15 key=value parser (DPC)
\KV@toks@=\toks16
))
\beamer@paperwidth=\skip49
\beamer@paperheight=\skip50

(C:\Users\David Eggleton\AppData\Local\Programs\MiKTeX\tex/latex/geometry\geome
try.sty
Package: geometry 2020/01/02 v5.9 Page Geometry

(C:\Users\David Eggleton\AppData\Local\Programs\MiKTeX\tex/generic/iftex\ifvtex
.sty
Package: ifvtex 2019/10/25 v1.7 ifvtex legacy package. Use iftex instead.
)
\Gm@cnth=\count277
\Gm@cntv=\count278
\c@Gm@tempcnt=\count279
\Gm@bindingoffset=\dimen156
\Gm@wd@mp=\dimen157
\Gm@odd@mp=\dimen158
\Gm@even@mp=\dimen159
\Gm@layoutwidth=\dimen160
\Gm@layoutheight=\dimen161
\Gm@layouthoffset=\dimen162
\Gm@layoutvoffset=\dimen163
\Gm@dimlist=\toks17

(C:\Users\David Eggleton\AppData\Local\Programs\MiKTeX\tex/latex/geometry\geome
try.cfg))
(C:\Users\David Eggleton\AppData\Local\Programs\MiKTeX\tex/latex/pgf/math\pgfma
th.sty
(C:\Users\David Eggleton\AppData\Local\Programs\MiKTeX\tex/latex/pgf/utilities\
pgfrcs.sty
(C:\Users\David Eggleton\AppData\Local\Programs\MiKTeX\tex/generic/pgf/utilitie
s\pgfutil-common.tex
\pgfutil@everybye=\toks18
\pgfutil@tempdima=\dimen164
\pgfutil@tempdimb=\dimen165

(C:\Users\David Eggleton\AppData\Local\Programs\MiKTeX\tex/generic/pgf/utilitie
s\pgfutil-common-lists.tex))
(C:\Users\David Eggleton\AppData\Local\Programs\MiKTeX\tex/generic/pgf/utilitie
s\pgfutil-latex.def
\pgfutil@abb=\box60
)
(C:\Users\David Eggleton\AppData\Local\Programs\MiKTeX\tex/generic/pgf/utilitie
s\pgfrcs.code.tex
(C:\Users\David Eggleton\AppData\Local\Programs\MiKTeX\tex/generic/pgf\pgf.revi
sion.tex)
Package: pgfrcs 2021/05/15 v3.1.9a (3.1.9a)
))
(C:\Users\David Eggleton\AppData\Local\Programs\MiKTeX\tex/latex/pgf/utilities\
pgfkeys.sty
(C:\Users\David Eggleton\AppData\Local\Programs\MiKTeX\tex/generic/pgf/utilitie
s\pgfkeys.code.tex
\pgfkeys@pathtoks=\toks19
\pgfkeys@temptoks=\toks20

(C:\Users\David Eggleton\AppData\Local\Programs\MiKTeX\tex/generic/pgf/utilitie
s\pgfkeysfiltered.code.tex
\pgfkeys@tmptoks=\toks21
)))
(C:\Users\David Eggleton\AppData\Local\Programs\MiKTeX\tex/generic/pgf/math\pgf
math.code.tex
(C:\Users\David Eggleton\AppData\Local\Programs\MiKTeX\tex/generic/pgf/math\pgf
mathcalc.code.tex
(C:\Users\David Eggleton\AppData\Local\Programs\MiKTeX\tex/generic/pgf/math\pgf
mathutil.code.tex
\pgf@x=\dimen166
\pgf@xa=\dimen167
\pgf@xb=\dimen168
\pgf@xc=\dimen169
\pgf@y=\dimen170
\pgf@ya=\dimen171
\pgf@yb=\dimen172
\pgf@yc=\dimen173
\c@pgf@counta=\count280
\c@pgf@countb=\count281
\c@pgf@countc=\count282
\c@pgf@countd=\count283
)
(C:\Users\David Eggleton\AppData\Local\Programs\MiKTeX\tex/generic/pgf/math\pgf
mathparser.code.tex
\pgfmath@dimen=\dimen174
\pgfmath@count=\count284
\pgfmath@box=\box61
\pgfmath@toks=\toks22
\pgfmath@stack@operand=\toks23
\pgfmath@stack@operation=\toks24
)
(C:\Users\David Eggleton\AppData\Local\Programs\MiKTeX\tex/generic/pgf/math\pgf
mathfunctions.code.tex
(C:\Users\David Eggleton\AppData\Local\Programs\MiKTeX\tex/generic/pgf/math\pgf
mathfunctions.basic.code.tex)
(C:\Users\David Eggleton\AppData\Local\Programs\MiKTeX\tex/generic/pgf/math\pgf
mathfunctions.trigonometric.code.tex)
(C:\Users\David Eggleton\AppData\Local\Programs\MiKTeX\tex/generic/pgf/math\pgf
mathfunctions.random.code.tex)
(C:\Users\David Eggleton\AppData\Local\Programs\MiKTeX\tex/generic/pgf/math\pgf
mathfunctions.comparison.code.tex)
(C:\Users\David Eggleton\AppData\Local\Programs\MiKTeX\tex/generic/pgf/math\pgf
mathfunctions.base.code.tex)
(C:\Users\David Eggleton\AppData\Local\Programs\MiKTeX\tex/generic/pgf/math\pgf
mathfunctions.round.code.tex)
(C:\Users\David Eggleton\AppData\Local\Programs\MiKTeX\tex/generic/pgf/math\pgf
mathfunctions.misc.code.tex)
(C:\Users\David Eggleton\AppData\Local\Programs\MiKTeX\tex/generic/pgf/math\pgf
mathfunctions.integerarithmetics.code.tex)))
(C:\Users\David Eggleton\AppData\Local\Programs\MiKTeX\tex/generic/pgf/math\pgf
mathfloat.code.tex
\c@pgfmathroundto@lastzeros=\count285
)))
(C:\Users\David Eggleton\AppData\Local\Programs\MiKTeX\tex/latex/extsizes\size8
.clo
File: size8.clo 1999/11/11 v1.4a NON-Standard LaTeX file (size option)
)
(C:\Users\David Eggleton\AppData\Local\Programs\MiKTeX\tex/latex/pgf/basiclayer
\pgfcore.sty
(C:\Users\David Eggleton\AppData\Local\Programs\MiKTeX\tex/latex/graphics\graph
icx.sty
Package: graphicx 2021/09/16 v1.2d Enhanced LaTeX Graphics (DPC,SPQR)

(C:\Users\David Eggleton\AppData\Local\Programs\MiKTeX\tex/latex/graphics\graph
ics.sty
Package: graphics 2022/03/10 v1.4e Standard LaTeX Graphics (DPC,SPQR)

(C:\Users\David Eggleton\AppData\Local\Programs\MiKTeX\tex/latex/graphics\trig.
sty
Package: trig 2021/08/11 v1.11 sin cos tan (DPC)
)
(C:\Users\David Eggleton\AppData\Local\Programs\MiKTeX\tex/latex/graphics-cfg\g
raphics.cfg
File: graphics.cfg 2016/06/04 v1.11 sample graphics configuration
)
Package graphics Info: Driver file: pdftex.def on input line 107.

(C:\Users\David Eggleton\AppData\Local\Programs\MiKTeX\tex/latex/graphics-def\p
dftex.def
File: pdftex.def 2022/09/22 v1.2b Graphics/color driver for pdftex
))
\Gin@req@height=\dimen175
\Gin@req@width=\dimen176
)
(C:\Users\David Eggleton\AppData\Local\Programs\MiKTeX\tex/latex/pgf/systemlaye
r\pgfsys.sty
(C:\Users\David Eggleton\AppData\Local\Programs\MiKTeX\tex/generic/pgf/systemla
yer\pgfsys.code.tex
Package: pgfsys 2021/05/15 v3.1.9a (3.1.9a)

(C:\Users\David Eggleton\AppData\Local\Programs\MiKTeX\tex/generic/pgf/utilitie
s\pgfkeys.code.tex)
\pgf@x=\dimen177
\pgf@y=\dimen178
\pgf@xa=\dimen179
\pgf@ya=\dimen180
\pgf@xb=\dimen181
\pgf@yb=\dimen182
\pgf@xc=\dimen183
\pgf@yc=\dimen184
\pgf@xd=\dimen185
\pgf@yd=\dimen186
\w@pgf@writea=\write3
\r@pgf@reada=\read2
\c@pgf@counta=\count286
\c@pgf@countb=\count287
\c@pgf@countc=\count288
\c@pgf@countd=\count289
\t@pgf@toka=\toks25
\t@pgf@tokb=\toks26
\t@pgf@tokc=\toks27
\pgf@sys@id@count=\count290

(C:\Users\David Eggleton\AppData\Local\Programs\MiKTeX\tex/generic/pgf/systemla
yer\pgf.cfg
File: pgf.cfg 2021/05/15 v3.1.9a (3.1.9a)
)
Driver file for pgf: pgfsys-pdftex.def

(C:\Users\David Eggleton\AppData\Local\Programs\MiKTeX\tex/generic/pgf/systemla
yer\pgfsys-pdftex.def
File: pgfsys-pdftex.def 2021/05/15 v3.1.9a (3.1.9a)

(C:\Users\David Eggleton\AppData\Local\Programs\MiKTeX\tex/generic/pgf/systemla
yer\pgfsys-common-pdf.def
File: pgfsys-common-pdf.def 2021/05/15 v3.1.9a (3.1.9a)
)))
(C:\Users\David Eggleton\AppData\Local\Programs\MiKTeX\tex/generic/pgf/systemla
yer\pgfsyssoftpath.code.tex
File: pgfsyssoftpath.code.tex 2021/05/15 v3.1.9a (3.1.9a)
\pgfsyssoftpath@smallbuffer@items=\count291
\pgfsyssoftpath@bigbuffer@items=\count292
)
(C:\Users\David Eggleton\AppData\Local\Programs\MiKTeX\tex/generic/pgf/systemla
yer\pgfsysprotocol.code.tex
File: pgfsysprotocol.code.tex 2021/05/15 v3.1.9a (3.1.9a)
))
(C:\Users\David Eggleton\AppData\Local\Programs\MiKTeX\tex/latex/xcolor\xcolor.
sty
Package: xcolor 2022/06/12 v2.14 LaTeX color extensions (UK)

(C:\Users\David Eggleton\AppData\Local\Programs\MiKTeX\tex/latex/graphics-cfg\c
olor.cfg
File: color.cfg 2016/01/02 v1.6 sample color configuration
)
Package xcolor Info: Driver file: pdftex.def on input line 227.

(C:\Users\David Eggleton\AppData\Local\Programs\MiKTeX\tex/latex/graphics\mathc
olor.ltx)
Package xcolor Info: Model `cmy' substituted by `cmy0' on input line 1353.
Package xcolor Info: Model `hsb' substituted by `rgb' on input line 1357.
Package xcolor Info: Model `RGB' extended on input line 1369.
Package xcolor Info: Model `HTML' substituted by `rgb' on input line 1371.
Package xcolor Info: Model `Hsb' substituted by `hsb' on input line 1372.
Package xcolor Info: Model `tHsb' substituted by `hsb' on input line 1373.
Package xcolor Info: Model `HSB' substituted by `hsb' on input line 1374.
Package xcolor Info: Model `Gray' substituted by `gray' on input line 1375.
Package xcolor Info: Model `wave' substituted by `hsb' on input line 1376.
)
(C:\Users\David Eggleton\AppData\Local\Programs\MiKTeX\tex/generic/pgf/basiclay
er\pgfcore.code.tex
Package: pgfcore 2021/05/15 v3.1.9a (3.1.9a)

(C:\Users\David Eggleton\AppData\Local\Programs\MiKTeX\tex/generic/pgf/math\pgf
math.code.tex)
(C:\Users\David Eggleton\AppData\Local\Programs\MiKTeX\tex/generic/pgf/math\pgf
int.code.tex)
(C:\Users\David Eggleton\AppData\Local\Programs\MiKTeX\tex/generic/pgf/basiclay
er\pgfcorepoints.code.tex
File: pgfcorepoints.code.tex 2021/05/15 v3.1.9a (3.1.9a)
\pgf@picminx=\dimen187
\pgf@picmaxx=\dimen188
\pgf@picminy=\dimen189
\pgf@picmaxy=\dimen190
\pgf@pathminx=\dimen191
\pgf@pathmaxx=\dimen192
\pgf@pathminy=\dimen193
\pgf@pathmaxy=\dimen194
\pgf@xx=\dimen195
\pgf@xy=\dimen196
\pgf@yx=\dimen197
\pgf@yy=\dimen198
\pgf@zx=\dimen199
\pgf@zy=\dimen256
)
(C:\Users\David Eggleton\AppData\Local\Programs\MiKTeX\tex/generic/pgf/basiclay
er\pgfcorepathconstruct.code.tex
File: pgfcorepathconstruct.code.tex 2021/05/15 v3.1.9a (3.1.9a)
\pgf@path@lastx=\dimen257
\pgf@path@lasty=\dimen258
)
(C:\Users\David Eggleton\AppData\Local\Programs\MiKTeX\tex/generic/pgf/basiclay
er\pgfcorepathusage.code.tex
File: pgfcorepathusage.code.tex 2021/05/15 v3.1.9a (3.1.9a)
\pgf@shorten@end@additional=\dimen259
\pgf@shorten@start@additional=\dimen260
)
(C:\Users\David Eggleton\AppData\Local\Programs\MiKTeX\tex/generic/pgf/basiclay
er\pgfcorescopes.code.tex
File: pgfcorescopes.code.tex 2021/05/15 v3.1.9a (3.1.9a)
\pgfpic=\box62
\pgf@hbox=\box63
\pgf@layerbox@main=\box64
\pgf@picture@serial@count=\count293
)
(C:\Users\David Eggleton\AppData\Local\Programs\MiKTeX\tex/generic/pgf/basiclay
er\pgfcoregraphicstate.code.tex
File: pgfcoregraphicstate.code.tex 2021/05/15 v3.1.9a (3.1.9a)
\pgflinewidth=\dimen261
)
(C:\Users\David Eggleton\AppData\Local\Programs\MiKTeX\tex/generic/pgf/basiclay
er\pgfcoretransformations.code.tex
File: pgfcoretransformations.code.tex 2021/05/15 v3.1.9a (3.1.9a)
\pgf@pt@x=\dimen262
\pgf@pt@y=\dimen263
\pgf@pt@temp=\dimen264
)
(C:\Users\David Eggleton\AppData\Local\Programs\MiKTeX\tex/generic/pgf/basiclay
er\pgfcorequick.code.tex
File: pgfcorequick.code.tex 2021/05/15 v3.1.9a (3.1.9a)
)
(C:\Users\David Eggleton\AppData\Local\Programs\MiKTeX\tex/generic/pgf/basiclay
er\pgfcoreobjects.code.tex
File: pgfcoreobjects.code.tex 2021/05/15 v3.1.9a (3.1.9a)
)
(C:\Users\David Eggleton\AppData\Local\Programs\MiKTeX\tex/generic/pgf/basiclay
er\pgfcorepathprocessing.code.tex
File: pgfcorepathprocessing.code.tex 2021/05/15 v3.1.9a (3.1.9a)
)
(C:\Users\David Eggleton\AppData\Local\Programs\MiKTeX\tex/generic/pgf/basiclay
er\pgfcorearrows.code.tex
File: pgfcorearrows.code.tex 2021/05/15 v3.1.9a (3.1.9a)
\pgfarrowsep=\dimen265
)
(C:\Users\David Eggleton\AppData\Local\Programs\MiKTeX\tex/generic/pgf/basiclay
er\pgfcoreshade.code.tex
File: pgfcoreshade.code.tex 2021/05/15 v3.1.9a (3.1.9a)
\pgf@max=\dimen266
\pgf@sys@shading@range@num=\count294
\pgf@shadingcount=\count295
)
(C:\Users\David Eggleton\AppData\Local\Programs\MiKTeX\tex/generic/pgf/basiclay
er\pgfcoreimage.code.tex
File: pgfcoreimage.code.tex 2021/05/15 v3.1.9a (3.1.9a)

(C:\Users\David Eggleton\AppData\Local\Programs\MiKTeX\tex/generic/pgf/basiclay
er\pgfcoreexternal.code.tex
File: pgfcoreexternal.code.tex 2021/05/15 v3.1.9a (3.1.9a)
\pgfexternal@startupbox=\box65
))
(C:\Users\David Eggleton\AppData\Local\Programs\MiKTeX\tex/generic/pgf/basiclay
er\pgfcorelayers.code.tex
File: pgfcorelayers.code.tex 2021/05/15 v3.1.9a (3.1.9a)
)
(C:\Users\David Eggleton\AppData\Local\Programs\MiKTeX\tex/generic/pgf/basiclay
er\pgfcoretransparency.code.tex
File: pgfcoretransparency.code.tex 2021/05/15 v3.1.9a (3.1.9a)
)
(C:\Users\David Eggleton\AppData\Local\Programs\MiKTeX\tex/generic/pgf/basiclay
er\pgfcorepatterns.code.tex
File: pgfcorepatterns.code.tex 2021/05/15 v3.1.9a (3.1.9a)
)
(C:\Users\David Eggleton\AppData\Local\Programs\MiKTeX\tex/generic/pgf/basiclay
er\pgfcorerdf.code.tex
File: pgfcorerdf.code.tex 2021/05/15 v3.1.9a (3.1.9a)
)))
(C:\Users\David Eggleton\AppData\Local\Programs\MiKTeX\tex/latex/pgf/utilities\
xxcolor.sty
Package: xxcolor 2003/10/24 ver 0.1
\XC@nummixins=\count296
\XC@countmixins=\count297
)
(C:\Users\David Eggleton\AppData\Local\Programs\MiKTeX\tex/latex/base\atbegshi-
ltx.sty
Package: atbegshi-ltx 2021/01/10 v1.0c Emulation of the original atbegshi
package with kernel methods
)
(C:\Users\David Eggleton\AppData\Local\Programs\MiKTeX\tex/latex/hyperref\hyper
ref.sty
Package: hyperref 2022-11-13 v7.00u Hypertext links for LaTeX

(C:\Users\David Eggleton\AppData\Local\Programs\MiKTeX\tex/generic/ltxcmds\ltxc
mds.sty
Package: ltxcmds 2020-05-10 v1.25 LaTeX kernel commands for general use (HO)
)
(C:\Users\David Eggleton\AppData\Local\Programs\MiKTeX\tex/generic/pdftexcmds\p
dftexcmds.sty
Package: pdftexcmds 2020-06-27 v0.33 Utility functions of pdfTeX for LuaTeX (HO
)

(C:\Users\David Eggleton\AppData\Local\Programs\MiKTeX\tex/generic/infwarerr\in
fwarerr.sty
Package: infwarerr 2019/12/03 v1.5 Providing info/warning/error messages (HO)
)
Package pdftexcmds Info: \pdf@primitive is available.
Package pdftexcmds Info: \pdf@ifprimitive is available.
Package pdftexcmds Info: \pdfdraftmode found.
)
(C:\Users\David Eggleton\AppData\Local\Programs\MiKTeX\tex/latex/kvsetkeys\kvse
tkeys.sty
Package: kvsetkeys 2022-10-05 v1.19 Key value parser (HO)
)
(C:\Users\David Eggleton\AppData\Local\Programs\MiKTeX\tex/generic/kvdefinekeys
\kvdefinekeys.sty
Package: kvdefinekeys 2019-12-19 v1.6 Define keys (HO)
)
(C:\Users\David Eggleton\AppData\Local\Programs\MiKTeX\tex/generic/pdfescape\pd
fescape.sty
Package: pdfescape 2019/12/09 v1.15 Implements pdfTeX's escape features (HO)
)
(C:\Users\David Eggleton\AppData\Local\Programs\MiKTeX\tex/latex/hycolor\hycolo
r.sty
Package: hycolor 2020-01-27 v1.10 Color options for hyperref/bookmark (HO)
)
(C:\Users\David Eggleton\AppData\Local\Programs\MiKTeX\tex/latex/letltxmacro\le
tltxmacro.sty
Package: letltxmacro 2019/12/03 v1.6 Let assignment for LaTeX macros (HO)
)
(C:\Users\David Eggleton\AppData\Local\Programs\MiKTeX\tex/latex/auxhook\auxhoo
k.sty
Package: auxhook 2019-12-17 v1.6 Hooks for auxiliary files (HO)
)
(C:\Users\David Eggleton\AppData\Local\Programs\MiKTeX\tex/latex/hyperref\namer
ef.sty
Package: nameref 2022-05-17 v2.50 Cross-referencing by name of section

(C:\Users\David Eggleton\AppData\Local\Programs\MiKTeX\tex/latex/refcount\refco
unt.sty
Package: refcount 2019/12/15 v3.6 Data extraction from label references (HO)
)
(C:\Users\David Eggleton\AppData\Local\Programs\MiKTeX\tex/generic/gettitlestri
ng\gettitlestring.sty
Package: gettitlestring 2019/12/15 v1.6 Cleanup title references (HO)

(C:\Users\David Eggleton\AppData\Local\Programs\MiKTeX\tex/latex/kvoptions\kvop
tions.sty
Package: kvoptions 2022-06-15 v3.15 Key value format for package options (HO)
))
\c@section@level=\count298
)
\@linkdim=\dimen267
\Hy@linkcounter=\count299
\Hy@pagecounter=\count300

(C:\Users\David Eggleton\AppData\Local\Programs\MiKTeX\tex/latex/hyperref\pd1en
c.def
File: pd1enc.def 2022-11-13 v7.00u Hyperref: PDFDocEncoding definition (HO)
Now handling font encoding PD1 ...
... no UTF-8 mapping file for font encoding PD1
)
(C:\Users\David Eggleton\AppData\Local\Programs\MiKTeX\tex/generic/intcalc\intc
alc.sty
Package: intcalc 2019/12/15 v1.3 Expandable calculations with integers (HO)
)
(C:\Users\David Eggleton\AppData\Local\Programs\MiKTeX\tex/generic/etexcmds\ete
xcmds.sty
Package: etexcmds 2019/12/15 v1.7 Avoid name clashes with e-TeX commands (HO)
)
\Hy@SavedSpaceFactor=\count301

(C:\Users\David Eggleton\AppData\Local\Programs\MiKTeX\tex/latex/hyperref\puenc
.def
File: puenc.def 2022-11-13 v7.00u Hyperref: PDF Unicode definition (HO)
Now handling font encoding PU ...
... no UTF-8 mapping file for font encoding PU
)
Package hyperref Info: Option `bookmarks' set `true' on input line 4045.
Package hyperref Info: Option `bookmarksopen' set `true' on input line 4045.
Package hyperref Info: Option `implicit' set `false' on input line 4045.
Package hyperref Info: Hyper figures OFF on input line 4162.
Package hyperref Info: Link nesting OFF on input line 4167.
Package hyperref Info: Hyper index ON on input line 4170.
Package hyperref Info: Plain pages OFF on input line 4177.
Package hyperref Info: Backreferencing OFF on input line 4182.
Package hyperref Info: Implicit mode OFF; no redefinition of LaTeX internals.
Package hyperref Info: Bookmarks ON on input line 4410.
\c@Hy@tempcnt=\count302

(C:\Users\David Eggleton\AppData\Local\Programs\MiKTeX\tex/latex/url\url.sty
\Urlmuskip=\muskip16
Package: url 2013/09/16  ver 3.4  Verb mode for urls, etc.
)
LaTeX Info: Redefining \url on input line 4748.
\XeTeXLinkMargin=\dimen268

(C:\Users\David Eggleton\AppData\Local\Programs\MiKTeX\tex/generic/bitset\bitse
t.sty
Package: bitset 2019/12/09 v1.3 Handle bit-vector datatype (HO)

(C:\Users\David Eggleton\AppData\Local\Programs\MiKTeX\tex/generic/bigintcalc\b
igintcalc.sty
Package: bigintcalc 2019/12/15 v1.5 Expandable calculations on big integers (HO
)
))
\Fld@menulength=\count303
\Field@Width=\dimen269
\Fld@charsize=\dimen270
Package hyperref Info: Hyper figures OFF on input line 6027.
Package hyperref Info: Link nesting OFF on input line 6032.
Package hyperref Info: Hyper index ON on input line 6035.
Package hyperref Info: backreferencing OFF on input line 6042.
Package hyperref Info: Link coloring OFF on input line 6047.
Package hyperref Info: Link coloring with OCG OFF on input line 6052.
Package hyperref Info: PDF/A mode OFF on input line 6057.
\Hy@abspage=\count304


Package hyperref Message: Stopped early.

)
Package hyperref Info: Driver (autodetected): hpdftex.

(C:\Users\David Eggleton\AppData\Local\Programs\MiKTeX\tex/latex/hyperref\hpdft
ex.def
File: hpdftex.def 2022-11-13 v7.00u Hyperref driver for pdfTeX

(C:\Users\David Eggleton\AppData\Local\Programs\MiKTeX\tex/latex/base\atveryend
-ltx.sty
Package: atveryend-ltx 2020/08/19 v1.0a Emulation of the original atveryend pac
kage
with kernel methods
)
\Fld@listcount=\count305
\c@bookmark@seq@number=\count306

(C:\Users\David Eggleton\AppData\Local\Programs\MiKTeX\tex/latex/rerunfilecheck
\rerunfilecheck.sty
Package: rerunfilecheck 2022-07-10 v1.10 Rerun checks for auxiliary files (HO)

(C:\Users\David Eggleton\AppData\Local\Programs\MiKTeX\tex/generic/uniquecounte
r\uniquecounter.sty
Package: uniquecounter 2019/12/15 v1.4 Provide unlimited unique counter (HO)
)
Package uniquecounter Info: New unique counter `rerunfilecheck' on input line 2
85.
))
(C:\Users\David Eggleton\AppData\Local\Programs\MiKTeX\tex/latex/beamer\beamerb
aserequires.sty
(C:\Users\David Eggleton\AppData\Local\Programs\MiKTeX\tex/latex/beamer\beamerb
asecompatibility.sty)
(C:\Users\David Eggleton\AppData\Local\Programs\MiKTeX\tex/latex/beamer\beamerb
asefont.sty
(C:\Users\David Eggleton\AppData\Local\Programs\MiKTeX\tex/latex/amsfonts\amssy
mb.sty
Package: amssymb 2013/01/14 v3.01 AMS font symbols

(C:\Users\David Eggleton\AppData\Local\Programs\MiKTeX\tex/latex/amsfonts\amsfo
nts.sty
Package: amsfonts 2013/01/14 v3.01 Basic AMSFonts support
\@emptytoks=\toks28
\symAMSa=\mathgroup4
\symAMSb=\mathgroup5
LaTeX Font Info:    Redeclaring math symbol \hbar on input line 98.
LaTeX Font Info:    Overwriting math alphabet `\mathfrak' in version `bold'
(Font)                  U/euf/m/n --> U/euf/b/n on input line 106.
))
(C:\Users\David Eggleton\AppData\Local\Programs\MiKTeX\tex/latex/sansmathaccent
\sansmathaccent.sty
Package: sansmathaccent 2020/01/31

(C:\Users\David Eggleton\AppData\Local\Programs\MiKTeX\tex/latex/koma-script\sc
rlfile.sty
Package: scrlfile 2022/10/12 v3.38 KOMA-Script package (file load hooks)

(C:\Users\David Eggleton\AppData\Local\Programs\MiKTeX\tex/latex/koma-script\sc
rlfile-hook.sty
Package: scrlfile-hook 2022/10/12 v3.38 KOMA-Script package (using LaTeX hooks)


(C:\Users\David Eggleton\AppData\Local\Programs\MiKTeX\tex/latex/koma-script\sc
rlogo.sty
Package: scrlogo 2022/10/12 v3.38 KOMA-Script package (logo)
)))))
(C:\Users\David Eggleton\AppData\Local\Programs\MiKTeX\tex/latex/beamer\beamerb
asetranslator.sty
(C:\Users\David Eggleton\AppData\Local\Programs\MiKTeX\tex/latex/translator\tra
nslator.sty
Package: translator 2021-05-31 v1.12d Easy translation of strings in LaTeX
))
(C:\Users\David Eggleton\AppData\Local\Programs\MiKTeX\tex/latex/beamer\beamerb
asemisc.sty)
(C:\Users\David Eggleton\AppData\Local\Programs\MiKTeX\tex/latex/beamer\beamerb
asetwoscreens.sty)
(C:\Users\David Eggleton\AppData\Local\Programs\MiKTeX\tex/latex/beamer\beamerb
aseoverlay.sty
\beamer@argscount=\count307
\beamer@lastskipcover=\skip51
\beamer@trivlistdepth=\count308
)
(C:\Users\David Eggleton\AppData\Local\Programs\MiKTeX\tex/latex/beamer\beamerb
asetitle.sty)
(C:\Users\David Eggleton\AppData\Local\Programs\MiKTeX\tex/latex/beamer\beamerb
asesection.sty
\c@lecture=\count309
\c@part=\count310
\c@section=\count311
\c@subsection=\count312
\c@subsubsection=\count313
)
(C:\Users\David Eggleton\AppData\Local\Programs\MiKTeX\tex/latex/beamer\beamerb
aseframe.sty
\beamer@framebox=\box66
\beamer@frametitlebox=\box67
\beamer@zoombox=\box68
\beamer@zoomcount=\count314
\beamer@zoomframecount=\count315
\beamer@frametextheight=\dimen271
\c@subsectionslide=\count316
\beamer@frametopskip=\skip52
\beamer@framebottomskip=\skip53
\beamer@frametopskipautobreak=\skip54
\beamer@framebottomskipautobreak=\skip55
\beamer@envbody=\toks29
\framewidth=\dimen272
\c@framenumber=\count317
)
(C:\Users\David Eggleton\AppData\Local\Programs\MiKTeX\tex/latex/beamer\beamerb
aseverbatim.sty
\beamer@verbatimfileout=\write4
)
(C:\Users\David Eggleton\AppData\Local\Programs\MiKTeX\tex/latex/beamer\beamerb
aseframesize.sty
\beamer@splitbox=\box69
\beamer@autobreakcount=\count318
\beamer@autobreaklastheight=\dimen273
\beamer@frametitletoks=\toks30
\beamer@framesubtitletoks=\toks31
)
(C:\Users\David Eggleton\AppData\Local\Programs\MiKTeX\tex/latex/beamer\beamerb
aseframecomponents.sty
\beamer@footins=\box70
)
(C:\Users\David Eggleton\AppData\Local\Programs\MiKTeX\tex/latex/beamer\beamerb
asecolor.sty)
(C:\Users\David Eggleton\AppData\Local\Programs\MiKTeX\tex/latex/beamer\beamerb
asenotes.sty
\beamer@frameboxcopy=\box71
)
(C:\Users\David Eggleton\AppData\Local\Programs\MiKTeX\tex/latex/beamer\beamerb
asetoc.sty)
(C:\Users\David Eggleton\AppData\Local\Programs\MiKTeX\tex/latex/beamer\beamerb
asetemplates.sty
\beamer@sbttoks=\toks32

(C:\Users\David Eggleton\AppData\Local\Programs\MiKTeX\tex/latex/beamer\beamerb
aseauxtemplates.sty
(C:\Users\David Eggleton\AppData\Local\Programs\MiKTeX\tex/latex/beamer\beamerb
aseboxes.sty
\bmb@box=\box72
\bmb@colorbox=\box73
\bmb@boxwidth=\dimen274
\bmb@boxheight=\dimen275
\bmb@prevheight=\dimen276
\bmb@temp=\dimen277
\bmb@dima=\dimen278
\bmb@dimb=\dimen279
\bmb@prevheight=\dimen280
)
\beamer@blockheadheight=\dimen281
))
(C:\Users\David Eggleton\AppData\Local\Programs\MiKTeX\tex/latex/beamer\beamerb
aselocalstructure.sty
(C:\Users\David Eggleton\AppData\Local\Programs\MiKTeX\tex/latex/tools\enumerat
e.sty
Package: enumerate 2015/07/23 v3.00 enumerate extensions (DPC)
\@enLab=\toks33
)
\beamer@bibiconwidth=\skip56
\c@figure=\count319
\c@table=\count320
\abovecaptionskip=\skip57
\belowcaptionskip=\skip58
)
(C:\Users\David Eggleton\AppData\Local\Programs\MiKTeX\tex/latex/beamer\beamerb
asenavigation.sty
\beamer@section@min@dim=\dimen282
)
(C:\Users\David Eggleton\AppData\Local\Programs\MiKTeX\tex/latex/beamer\beamerb
asetheorems.sty
(C:\Users\David Eggleton\AppData\Local\Programs\MiKTeX\tex/latex/amsmath\amsmat
h.sty
Package: amsmath 2022/04/08 v2.17n AMS math features
\@mathmargin=\skip59

For additional information on amsmath, use the `?' option.

(C:\Users\David Eggleton\AppData\Local\Programs\MiKTeX\tex/latex/amsmath\amstex
t.sty
Package: amstext 2021/08/26 v2.01 AMS text

(C:\Users\David Eggleton\AppData\Local\Programs\MiKTeX\tex/latex/amsmath\amsgen
.sty
File: amsgen.sty 1999/11/30 v2.0 generic functions
\@emptytoks=\toks34
\ex@=\dimen283
))
(C:\Users\David Eggleton\AppData\Local\Programs\MiKTeX\tex/latex/amsmath\amsbsy
.sty
Package: amsbsy 1999/11/29 v1.2d Bold Symbols
\pmbraise@=\dimen284
)
(C:\Users\David Eggleton\AppData\Local\Programs\MiKTeX\tex/latex/amsmath\amsopn
.sty
Package: amsopn 2022/04/08 v2.04 operator names
)
\inf@bad=\count321
LaTeX Info: Redefining \frac on input line 234.
\uproot@=\count322
\leftroot@=\count323
LaTeX Info: Redefining \overline on input line 399.
LaTeX Info: Redefining \colon on input line 410.
\classnum@=\count324
\DOTSCASE@=\count325
LaTeX Info: Redefining \ldots on input line 496.
LaTeX Info: Redefining \dots on input line 499.
LaTeX Info: Redefining \cdots on input line 620.
\Mathstrutbox@=\box74
\strutbox@=\box75
LaTeX Info: Redefining \big on input line 722.
LaTeX Info: Redefining \Big on input line 723.
LaTeX Info: Redefining \bigg on input line 724.
LaTeX Info: Redefining \Bigg on input line 725.
\big@size=\dimen285
LaTeX Font Info:    Redeclaring font encoding OML on input line 743.
LaTeX Font Info:    Redeclaring font encoding OMS on input line 744.
\macc@depth=\count326
LaTeX Info: Redefining \bmod on input line 905.
LaTeX Info: Redefining \pmod on input line 910.
LaTeX Info: Redefining \smash on input line 940.
LaTeX Info: Redefining \relbar on input line 970.
LaTeX Info: Redefining \Relbar on input line 971.
\c@MaxMatrixCols=\count327
\dotsspace@=\muskip17
\c@parentequation=\count328
\dspbrk@lvl=\count329
\tag@help=\toks35
\row@=\count330
\column@=\count331
\maxfields@=\count332
\andhelp@=\toks36
\eqnshift@=\dimen286
\alignsep@=\dimen287
\tagshift@=\dimen288
\tagwidth@=\dimen289
\totwidth@=\dimen290
\lineht@=\dimen291
\@envbody=\toks37
\multlinegap=\skip60
\multlinetaggap=\skip61
\mathdisplay@stack=\toks38
LaTeX Info: Redefining \[ on input line 2953.
LaTeX Info: Redefining \] on input line 2954.
)
(C:\Users\David Eggleton\AppData\Local\Programs\MiKTeX\tex/latex/amscls\amsthm.
sty
Package: amsthm 2020/05/29 v2.20.6
\thm@style=\toks39
\thm@bodyfont=\toks40
\thm@headfont=\toks41
\thm@notefont=\toks42
\thm@headpunct=\toks43
\thm@preskip=\skip62
\thm@postskip=\skip63
\thm@headsep=\skip64
\dth@everypar=\toks44
)
\c@theorem=\count333
)
(C:\Users\David Eggleton\AppData\Local\Programs\MiKTeX\tex/latex/beamer\beamerb
asethemes.sty))
(C:\Users\David Eggleton\AppData\Local\Programs\MiKTeX\tex/latex/beamer\beamert
hemedefault.sty
(C:\Users\David Eggleton\AppData\Local\Programs\MiKTeX\tex/latex/beamer\beamerf
ontthemedefault.sty)
(C:\Users\David Eggleton\AppData\Local\Programs\MiKTeX\tex/latex/beamer\beamerc
olorthemedefault.sty)
(C:\Users\David Eggleton\AppData\Local\Programs\MiKTeX\tex/latex/beamer\beameri
nnerthemedefault.sty
\beamer@dima=\dimen292
\beamer@dimb=\dimen293
)
(C:\Users\David Eggleton\AppData\Local\Programs\MiKTeX\tex/latex/beamer\beamero
uterthemedefault.sty)))
(C:\Users\David Eggleton\AppData\Local\Programs\MiKTeX\tex/latex/etex-pkg\etex.
sty
Package: etex 2016/08/01 v2.7 eTeX basic definition package (PEB,DPC)


Package etex Warning: Extended allocation already in use.
(etex)                etex.sty code will not be used.
(etex)                To force etex package to load, add
(etex)                \RequirePackage{etex}
(etex)                at the start of the document.

)
(C:\Users\David Eggleton\AppData\Local\Programs\MiKTeX\tex/latex/beamer\beamert
hemeBoadilla.sty
(C:\Users\David Eggleton\AppData\Local\Programs\MiKTeX\tex/latex/beamer\beamerc
olorthemerose.sty)
(C:\Users\David Eggleton\AppData\Local\Programs\MiKTeX\tex/latex/beamer\beameri
nnerthemerounded.sty)
(C:\Users\David Eggleton\AppData\Local\Programs\MiKTeX\tex/latex/beamer\beamerc
olorthemedolphin.sty)
(C:\Users\David Eggleton\AppData\Local\Programs\MiKTeX\tex/latex/beamer\beamero
uterthemeinfolines.sty))
(C:\Users\David Eggleton\AppData\Local\Programs\MiKTeX\tex/latex/beamer\beamerc
olorthemestructure.sty)
(C:\Users\David Eggleton\AppData\Local\Programs\MiKTeX\tex/latex/booktabs\bookt
abs.sty
Package: booktabs 2020/01/12 v1.61803398 Publication quality tables
\heavyrulewidth=\dimen294
\lightrulewidth=\dimen295
\cmidrulewidth=\dimen296
\belowrulesep=\dimen297
\belowbottomsep=\dimen298
\aboverulesep=\dimen299
\abovetopsep=\dimen300
\cmidrulesep=\dimen301
\cmidrulekern=\dimen302
\defaultaddspace=\dimen303
\@cmidla=\count334
\@cmidlb=\count335
\@aboverulesep=\dimen304
\@belowrulesep=\dimen305
\@thisruleclass=\count336
\@lastruleclass=\count337
\@thisrulewidth=\dimen306
)
(C:\Users\David Eggleton\AppData\Local\Programs\MiKTeX\tex/latex/tools\multicol
.sty
Package: multicol 2021/11/30 v1.9d multicolumn formatting (FMi)
\c@tracingmulticols=\count338
\mult@box=\box76
\multicol@leftmargin=\dimen307
\c@unbalance=\count339
\c@collectmore=\count340
\doublecol@number=\count341
\multicoltolerance=\count342
\multicolpretolerance=\count343
\full@width=\dimen308
\page@free=\dimen309
\premulticols=\dimen310
\postmulticols=\dimen311
\multicolsep=\skip65
\multicolbaselineskip=\skip66
\partial@page=\box77
\last@line=\box78
\maxbalancingoverflow=\dimen312
\mult@rightbox=\box79
\mult@grightbox=\box80
\mult@firstbox=\box81
\mult@gfirstbox=\box82
\@tempa=\box83
\@tempa=\box84
\@tempa=\box85
\@tempa=\box86
\@tempa=\box87
\@tempa=\box88
\@tempa=\box89
\@tempa=\box90
\@tempa=\box91
\@tempa=\box92
\@tempa=\box93
\@tempa=\box94
\@tempa=\box95
\@tempa=\box96
\@tempa=\box97
\@tempa=\box98
\@tempa=\box99
\@tempa=\box100
\@tempa=\box101
\@tempa=\box102
\@tempa=\box103
\@tempa=\box104
\@tempa=\box105
\@tempa=\box106
\@tempa=\box107
\@tempa=\box108
\@tempa=\box109
\@tempa=\box110
\@tempa=\box111
\@tempa=\box112
\@tempa=\box113
\@tempa=\box114
\@tempa=\box115
\@tempa=\box116
\@tempa=\box117
\@tempa=\box118
\c@minrows=\count344
\c@columnbadness=\count345
\c@finalcolumnbadness=\count346
\last@try=\dimen313
\multicolovershoot=\dimen314
\multicolundershoot=\dimen315
\mult@nat@firstbox=\box119
\colbreak@box=\box120
\mc@col@check@num=\count347
)
(C:\Users\David Eggleton\AppData\Local\Programs\MiKTeX\tex/latex/adjustbox\adju
stbox.sty
Package: adjustbox 2022/10/17 v1.3a Adjusting TeX boxes (trim, clip, ...)

(C:\Users\David Eggleton\AppData\Local\Programs\MiKTeX\tex/latex/xkeyval\xkeyva
l.sty
Package: xkeyval 2022/06/16 v2.9 package option processing (HA)

(C:\Users\David Eggleton\AppData\Local\Programs\MiKTeX\tex/generic/xkeyval\xkey
val.tex
(C:\Users\David Eggleton\AppData\Local\Programs\MiKTeX\tex/generic/xkeyval\xkvu
tils.tex
\XKV@toks=\toks45
\XKV@tempa@toks=\toks46
)
\XKV@depth=\count348
File: xkeyval.tex 2014/12/03 v2.7a key=value parser (HA)
))
(C:\Users\David Eggleton\AppData\Local\Programs\MiKTeX\tex/latex/adjustbox\adjc
alc.sty
Package: adjcalc 2012/05/16 v1.1 Provides advanced setlength with multiple back
-ends (calc, etex, pgfmath)
)
(C:\Users\David Eggleton\AppData\Local\Programs\MiKTeX\tex/latex/adjustbox\trim
clip.sty
Package: trimclip 2020/08/19 v1.2 Trim and clip general TeX material

(C:\Users\David Eggleton\AppData\Local\Programs\MiKTeX\tex/latex/collectbox\col
lectbox.sty
Package: collectbox 2022/10/17 v0.4c Collect macro arguments as boxes
\collectedbox=\box121
)
\tc@llx=\dimen316
\tc@lly=\dimen317
\tc@urx=\dimen318
\tc@ury=\dimen319
Package trimclip Info: Using driver 'tc-pdftex.def'.

(C:\Users\David Eggleton\AppData\Local\Programs\MiKTeX\tex/latex/adjustbox\tc-p
dftex.def
File: tc-pdftex.def 2019/01/04 v2.2 Clipping driver for pdftex
))
\adjbox@Width=\dimen320
\adjbox@Height=\dimen321
\adjbox@Depth=\dimen322
\adjbox@Totalheight=\dimen323
\adjbox@pwidth=\dimen324
\adjbox@pheight=\dimen325
\adjbox@pdepth=\dimen326
\adjbox@ptotalheight=\dimen327

(C:\Users\David Eggleton\AppData\Local\Programs\MiKTeX\tex/latex/ifoddpage\ifod
dpage.sty
Package: ifoddpage 2022/10/18 v1.2 Conditionals for odd/even page detection
\c@checkoddpage=\count349
)
(C:\Users\David Eggleton\AppData\Local\Programs\MiKTeX\tex/latex/varwidth\varwi
dth.sty
Package: varwidth 2009/03/30 ver 0.92;  Variable-width minipages
\@vwid@box=\box122
\sift@deathcycles=\count350
\@vwid@loff=\dimen328
\@vwid@roff=\dimen329
))
(C:\Users\David Eggleton\AppData\Local\Programs\MiKTeX\tex/latex/colortbl\color
tbl.sty
Package: colortbl 2022/06/20 v1.0f Color table columns (DPC)

(C:\Users\David Eggleton\AppData\Local\Programs\MiKTeX\tex/latex/tools\array.st
y
Package: array 2022/03/10 v2.5f Tabular extension package (FMi)
\col@sep=\dimen330
\ar@mcellbox=\box123
\extrarowheight=\dimen331
\NC@list=\toks47
\extratabsurround=\skip67
\backup@length=\skip68
\ar@cellbox=\box124
)
\everycr=\toks48
\minrowclearance=\skip69
\rownum=\count351
)
(C:\Users\David Eggleton\AppData\Local\Programs\MiKTeX\tex/latex/pgf/frontendla
yer\tikz.sty
(C:\Users\David Eggleton\AppData\Local\Programs\MiKTeX\tex/latex/pgf/basiclayer
\pgf.sty
Package: pgf 2021/05/15 v3.1.9a (3.1.9a)

(C:\Users\David Eggleton\AppData\Local\Programs\MiKTeX\tex/generic/pgf/modules\
pgfmoduleshapes.code.tex
File: pgfmoduleshapes.code.tex 2021/05/15 v3.1.9a (3.1.9a)
\pgfnodeparttextbox=\box125
)
(C:\Users\David Eggleton\AppData\Local\Programs\MiKTeX\tex/generic/pgf/modules\
pgfmoduleplot.code.tex
File: pgfmoduleplot.code.tex 2021/05/15 v3.1.9a (3.1.9a)
)
(C:\Users\David Eggleton\AppData\Local\Programs\MiKTeX\tex/latex/pgf/compatibil
ity\pgfcomp-version-0-65.sty
Package: pgfcomp-version-0-65 2021/05/15 v3.1.9a (3.1.9a)
\pgf@nodesepstart=\dimen332
\pgf@nodesepend=\dimen333
)
(C:\Users\David Eggleton\AppData\Local\Programs\MiKTeX\tex/latex/pgf/compatibil
ity\pgfcomp-version-1-18.sty
Package: pgfcomp-version-1-18 2021/05/15 v3.1.9a (3.1.9a)
))
(C:\Users\David Eggleton\AppData\Local\Programs\MiKTeX\tex/latex/pgf/utilities\
pgffor.sty
(C:\Users\David Eggleton\AppData\Local\Programs\MiKTeX\tex/generic/pgf/utilitie
s\pgffor.code.tex
Package: pgffor 2021/05/15 v3.1.9a (3.1.9a)

(C:\Users\David Eggleton\AppData\Local\Programs\MiKTeX\tex/generic/pgf/math\pgf
math.code.tex)
\pgffor@iter=\dimen334
\pgffor@skip=\dimen335
\pgffor@stack=\toks49
\pgffor@toks=\toks50
))
(C:\Users\David Eggleton\AppData\Local\Programs\MiKTeX\tex/generic/pgf/frontend
layer/tikz\tikz.code.tex
Package: tikz 2021/05/15 v3.1.9a (3.1.9a)

(C:\Users\David Eggleton\AppData\Local\Programs\MiKTeX\tex/generic/pgf/librarie
s\pgflibraryplothandlers.code.tex
File: pgflibraryplothandlers.code.tex 2021/05/15 v3.1.9a (3.1.9a)
\pgf@plot@mark@count=\count352
\pgfplotmarksize=\dimen336
)
\tikz@lastx=\dimen337
\tikz@lasty=\dimen338
\tikz@lastxsaved=\dimen339
\tikz@lastysaved=\dimen340
\tikz@lastmovetox=\dimen341
\tikz@lastmovetoy=\dimen342
\tikzleveldistance=\dimen343
\tikzsiblingdistance=\dimen344
\tikz@figbox=\box126
\tikz@figbox@bg=\box127
\tikz@tempbox=\box128
\tikz@tempbox@bg=\box129
\tikztreelevel=\count353
\tikznumberofchildren=\count354
\tikznumberofcurrentchild=\count355
\tikz@fig@count=\count356

(C:\Users\David Eggleton\AppData\Local\Programs\MiKTeX\tex/generic/pgf/modules\
pgfmodulematrix.code.tex
File: pgfmodulematrix.code.tex 2021/05/15 v3.1.9a (3.1.9a)
\pgfmatrixcurrentrow=\count357
\pgfmatrixcurrentcolumn=\count358
\pgf@matrix@numberofcolumns=\count359
)
\tikz@expandcount=\count360

(C:\Users\David Eggleton\AppData\Local\Programs\MiKTeX\tex/generic/pgf/frontend
layer/tikz/libraries\tikzlibrarytopaths.code.tex
File: tikzlibrarytopaths.code.tex 2021/05/15 v3.1.9a (3.1.9a)
)))
(C:\Users\David Eggleton\AppData\Local\Programs\MiKTeX\tex/latex/fancybox\fancy
box.sty
Package: fancybox 2010/05/15 1.4

Style option: `fancybox' v1.4 <2010/05/15> (tvz)
\@fancybox=\box130
\shadowsize=\dimen345
\@Sbox=\box131
\do@VerbBox=\toks51
\the@fancyput=\toks52
\this@fancyput=\toks53
\EndVerbatimTokens=\toks54
\Verbatim@Outfile=\write5
\Verbatim@Infile=\read3
)
(C:\Users\David Eggleton\AppData\Local\Programs\MiKTeX\tex/latex/textpos\textpo
s.sty
Package: textpos 2022/07/23 v1.10.1
Package textpos Info: choosing support for LaTeX3 on input line 60.
\TP@textbox=\box132
\TP@holdbox=\box133
\TPHorizModule=\dimen346
\TPVertModule=\dimen347
\TP@margin=\dimen348
\TP@absmargin=\dimen349

Grid set 16 x 16 = 22.7622pt x 17.07166pt
\TPboxrulesize=\dimen350
\TP@ox=\dimen351
\TP@oy=\dimen352
\TP@tbargs=\toks55
TextBlockOrigin set to 0pt x 0pt
)
(C:\Users\David Eggleton\AppData\Local\Programs\MiKTeX\tex/latex/multirow\multi
row.sty
Package: multirow 2021/03/15 v2.8 Span multiple rows of a table
\multirow@colwidth=\skip70
\multirow@cntb=\count361
\multirow@dima=\skip71
\bigstrutjot=\dimen353
)
(C:\Users\David Eggleton\AppData\Local\Programs\MiKTeX\tex/latex/siunitx\siunit
x.sty
Package: siunitx 2023-01-03 v3.2.0 A comprehensive (SI) units package
\l__siunitx_angle_tmp_dim=\dimen354
\l__siunitx_angle_marker_box=\box134
\l__siunitx_angle_unit_box=\box135
\l__siunitx_compound_count_int=\count362

(C:\Users\David Eggleton\AppData\Local\Programs\MiKTeX\tex/latex/translations\t
ranslations.sty
Package: translations 2022/02/05 v1.12 internationalization of LaTeX2e packages
 (CN)
)
\l__siunitx_number_exponent_fixed_int=\count363
\l__siunitx_number_min_decimal_int=\count364
\l__siunitx_number_min_integer_int=\count365
\l__siunitx_number_round_precision_int=\count366
\l__siunitx_number_lower_threshold_int=\count367
\l__siunitx_number_upper_threshold_int=\count368
\l__siunitx_number_group_first_int=\count369
\l__siunitx_number_group_size_int=\count370
\l__siunitx_number_group_minimum_int=\count371
\l__siunitx_table_tmp_box=\box136
\l__siunitx_table_tmp_dim=\dimen355
\l__siunitx_table_column_width_dim=\dimen356
\l__siunitx_table_integer_box=\box137
\l__siunitx_table_decimal_box=\box138
\l__siunitx_table_uncert_box=\box139
\l__siunitx_table_before_box=\box140
\l__siunitx_table_after_box=\box141
\l__siunitx_table_before_dim=\dimen357
\l__siunitx_table_carry_dim=\dimen358
\l__siunitx_unit_tmp_int=\count372
\l__siunitx_unit_position_int=\count373
\l__siunitx_unit_total_int=\count374
)
(C:\Users\David Eggleton\AppData\Local\Programs\MiKTeX\tex/latex/tcolorbox\tcol
orbox.sty
Package: tcolorbox 2022/06/24 version 5.1.1 text color boxes

(C:\Users\David Eggleton\AppData\Local\Programs\MiKTeX\tex/latex/tools\verbatim
.sty
Package: verbatim 2020-07-07 v1.5u LaTeX2e package for verbatim enhancements
\every@verbatim=\toks56
\verbatim@line=\toks57
\verbatim@in@stream=\read4
)
(C:\Users\David Eggleton\AppData\Local\Programs\MiKTeX\tex/latex/environ\enviro
n.sty
Package: environ 2014/05/04 v0.3 A new way to define environments

(C:\Users\David Eggleton\AppData\Local\Programs\MiKTeX\tex/latex/trimspaces\tri
mspaces.sty
Package: trimspaces 2009/09/17 v1.1 Trim spaces around a token list
))
\tcb@titlebox=\box142
\tcb@upperbox=\box143
\tcb@lowerbox=\box144
\tcb@phantombox=\box145
\c@tcbbreakpart=\count375
\c@tcblayer=\count376
\c@tcolorbox@number=\count377
\tcb@temp=\box146
\tcb@temp=\box147
\tcb@temp=\box148
\tcb@temp=\box149
)
(C:\Users\David Eggleton\AppData\Local\Programs\MiKTeX\tex/latex/tools\calc.sty
Package: calc 2017/05/25 v4.3 Infix arithmetic (KKT,FJ)
\calc@Acount=\count378
\calc@Bcount=\count379
\calc@Adimen=\dimen359
\calc@Bdimen=\dimen360
\calc@Askip=\skip72
\calc@Bskip=\skip73
LaTeX Info: Redefining \setlength on input line 80.
LaTeX Info: Redefining \addtolength on input line 81.
\calc@Ccount=\count380
\calc@Cskip=\skip74
)
\outerradius=\skip75
\innerradius=\skip76
Package translations Info: No language package found. I am going to use `englis
h' as default language. on input line 77.

(C:\Users\David Eggleton\AppData\Local\Programs\MiKTeX\tex/latex/l3backend\l3ba
ckend-pdftex.def
File: l3backend-pdftex.def 2022-10-26 L3 backend support: PDF output (pdfTeX)
\l__color_backend_stack_int=\count381
\l__pdf_internal_box=\box150
)
No file 959N1_L1_Introduction.aux.
\openout1 = `959N1_L1_Introduction.aux'.

LaTeX Font Info:    Checking defaults for OML/cmm/m/it on input line 77.
LaTeX Font Info:    ... okay on input line 77.
LaTeX Font Info:    Checking defaults for OMS/cmsy/m/n on input line 77.
LaTeX Font Info:    ... okay on input line 77.
LaTeX Font Info:    Checking defaults for OT1/cmr/m/n on input line 77.
LaTeX Font Info:    ... okay on input line 77.
LaTeX Font Info:    Checking defaults for T1/cmr/m/n on input line 77.
LaTeX Font Info:    ... okay on input line 77.
LaTeX Font Info:    Checking defaults for TS1/cmr/m/n on input line 77.
LaTeX Font Info:    ... okay on input line 77.
LaTeX Font Info:    Checking defaults for OMX/cmex/m/n on input line 77.
LaTeX Font Info:    ... okay on input line 77.
LaTeX Font Info:    Checking defaults for U/cmr/m/n on input line 77.
LaTeX Font Info:    ... okay on input line 77.
LaTeX Font Info:    Checking defaults for PD1/pdf/m/n on input line 77.
LaTeX Font Info:    ... okay on input line 77.
LaTeX Font Info:    Checking defaults for PU/pdf/m/n on input line 77.
LaTeX Font Info:    ... okay on input line 77.
*geometry* driver: auto-detecting
*geometry* detected driver: pdftex
*geometry* verbose mode - [ preamble ] result:
* driver: pdftex
* paper: custom
* layout: <same size as paper>
* layoutoffset:(h,v)=(0.0pt,0.0pt)
* modes: includehead includefoot 
* h-part:(L,W,R)=(8.50012pt, 347.19511pt, 8.50012pt)
* v-part:(T,H,B)=(0.0pt, 273.14662pt, 0.0pt)
* \paperwidth=364.19536pt
* \paperheight=273.14662pt
* \textwidth=347.19511pt
* \textheight=244.6939pt
* \oddsidemargin=-63.76987pt
* \evensidemargin=-63.76987pt
* \topmargin=-72.26999pt
* \headheight=14.22636pt
* \headsep=0.0pt
* \topskip=9.0pt
* \footskip=14.22636pt
* \marginparwidth=4.0pt
* \marginparsep=10.0pt
* \columnsep=10.0pt
* \skip\footins=7.0pt plus 4.0pt minus 2.0pt
* \hoffset=0.0pt
* \voffset=0.0pt
* \mag=1000
* \@twocolumnfalse
* \@twosidefalse
* \@mparswitchfalse
* \@reversemarginfalse
* (1in=72.27pt=25.4mm, 1cm=28.453pt)


(C:\Users\David Eggleton\AppData\Local\Programs\MiKTeX\tex/context/base/mkii\su
pp-pdf.mkii
[Loading MPS to PDF converter (version 2006.09.02).]
\scratchcounter=\count382
\scratchdimen=\dimen361
\scratchbox=\box151
\nofMPsegments=\count383
\nofMParguments=\count384
\everyMPshowfont=\toks58
\MPscratchCnt=\count385
\MPscratchDim=\dimen362
\MPnumerator=\count386
\makeMPintoPDFobject=\count387
\everyMPtoPDFconversion=\toks59
)
(C:\Users\David Eggleton\AppData\Local\Programs\MiKTeX\tex/latex/epstopdf-pkg\e
pstopdf-base.sty
Package: epstopdf-base 2020-01-24 v2.11 Base part for package epstopdf
Package epstopdf-base Info: Redefining graphics rule for `.eps' on input line 4
85.

(C:\Users\David Eggleton\AppData\Local\Programs\MiKTeX\tex/latex/00miktex\epsto
pdf-sys.cfg
File: epstopdf-sys.cfg 2021/03/18 v2.0 Configuration of epstopdf for MiKTeX
))
Package hyperref Info: Link coloring OFF on input line 77.
\@outlinefile=\write6
\openout6 = `959N1_L1_Introduction.out'.

LaTeX Font Info:    Overwriting symbol font `operators' in version `normal'
(Font)                  OT1/cmr/m/n --> OT1/cmss/m/n on input line 77.
LaTeX Font Info:    Overwriting symbol font `operators' in version `bold'
(Font)                  OT1/cmr/bx/n --> OT1/cmss/b/n on input line 77.
\symnumbers=\mathgroup6
\sympureletters=\mathgroup7
LaTeX Font Info:    Overwriting math alphabet `\mathrm' in version `normal'
(Font)                  OT1/cmss/m/n --> OT1/cmr/m/n on input line 77.
LaTeX Font Info:    Redeclaring math alphabet \mathbf on input line 77.
LaTeX Font Info:    Overwriting math alphabet `\mathbf' in version `normal'
(Font)                  OT1/cmr/bx/n --> OT1/cmss/b/n on input line 77.
LaTeX Font Info:    Overwriting math alphabet `\mathbf' in version `bold'
(Font)                  OT1/cmr/bx/n --> OT1/cmss/b/n on input line 77.
LaTeX Font Info:    Redeclaring math alphabet \mathsf on input line 77.
LaTeX Font Info:    Overwriting math alphabet `\mathsf' in version `normal'
(Font)                  OT1/cmss/m/n --> OT1/cmss/m/n on input line 77.
LaTeX Font Info:    Overwriting math alphabet `\mathsf' in version `bold'
(Font)                  OT1/cmss/bx/n --> OT1/cmss/m/n on input line 77.
LaTeX Font Info:    Redeclaring math alphabet \mathit on input line 77.
LaTeX Font Info:    Overwriting math alphabet `\mathit' in version `normal'
(Font)                  OT1/cmr/m/it --> OT1/cmss/m/it on input line 77.
LaTeX Font Info:    Overwriting math alphabet `\mathit' in version `bold'
(Font)                  OT1/cmr/bx/it --> OT1/cmss/m/it on input line 77.
LaTeX Font Info:    Redeclaring math alphabet \mathtt on input line 77.
LaTeX Font Info:    Overwriting math alphabet `\mathtt' in version `normal'
(Font)                  OT1/cmtt/m/n --> OT1/cmtt/m/n on input line 77.
LaTeX Font Info:    Overwriting math alphabet `\mathtt' in version `bold'
(Font)                  OT1/cmtt/m/n --> OT1/cmtt/m/n on input line 77.
LaTeX Font Info:    Overwriting symbol font `numbers' in version `bold'
(Font)                  OT1/cmss/m/n --> OT1/cmss/b/n on input line 77.
LaTeX Font Info:    Overwriting symbol font `pureletters' in version `bold'
(Font)                  OT1/cmss/m/it --> OT1/cmss/b/it on input line 77.
LaTeX Font Info:    Overwriting math alphabet `\mathrm' in version `bold'
(Font)                  OT1/cmss/b/n --> OT1/cmr/b/n on input line 77.
LaTeX Font Info:    Overwriting math alphabet `\mathbf' in version `bold'
(Font)                  OT1/cmss/b/n --> OT1/cmss/b/n on input line 77.
LaTeX Font Info:    Overwriting math alphabet `\mathsf' in version `bold'
(Font)                  OT1/cmss/m/n --> OT1/cmss/b/n on input line 77.
LaTeX Font Info:    Overwriting math alphabet `\mathit' in version `bold'
(Font)                  OT1/cmss/m/it --> OT1/cmss/b/it on input line 77.
LaTeX Font Info:    Overwriting math alphabet `\mathtt' in version `bold'
(Font)                  OT1/cmtt/m/n --> OT1/cmtt/b/n on input line 77.
LaTeX Font Info:    Redeclaring symbol font `pureletters' on input line 77.
LaTeX Font Info:    Overwriting symbol font `pureletters' in version `normal'
(Font)                  OT1/cmss/m/it --> OT1/mathkerncmss/m/sl on input line 7
7.
LaTeX Font Info:    Overwriting symbol font `pureletters' in version `bold'
(Font)                  OT1/cmss/b/it --> OT1/mathkerncmss/m/sl on input line 7
7.
LaTeX Font Info:    Overwriting symbol font `pureletters' in version `bold'
(Font)                  OT1/mathkerncmss/m/sl --> OT1/mathkerncmss/bx/sl on inp
ut line 77.

(C:\Users\David Eggleton\AppData\Local\Programs\MiKTeX\tex/latex/translator\tra
nslator-basic-dictionary-English.dict
Dictionary: translator-basic-dictionary, Language: English 
)
(C:\Users\David Eggleton\AppData\Local\Programs\MiKTeX\tex/latex/translator\tra
nslator-bibliography-dictionary-English.dict
Dictionary: translator-bibliography-dictionary, Language: English 
)
(C:\Users\David Eggleton\AppData\Local\Programs\MiKTeX\tex/latex/translator\tra
nslator-environment-dictionary-English.dict
Dictionary: translator-environment-dictionary, Language: English 
)
(C:\Users\David Eggleton\AppData\Local\Programs\MiKTeX\tex/latex/translator\tra
nslator-months-dictionary-English.dict
Dictionary: translator-months-dictionary, Language: English 
)
(C:\Users\David Eggleton\AppData\Local\Programs\MiKTeX\tex/latex/translator\tra
nslator-numbers-dictionary-English.dict
Dictionary: translator-numbers-dictionary, Language: English 
)
(C:\Users\David Eggleton\AppData\Local\Programs\MiKTeX\tex/latex/translator\tra
nslator-theorem-dictionary-English.dict
Dictionary: translator-theorem-dictionary, Language: English 
)
(C:\Users\David Eggleton\AppData\Local\Programs\MiKTeX\tex/latex/translations/d
icts\translations-basic-dictionary-english.trsl
File: translations-basic-dictionary-english.trsl (english translation file `tra
nslations-basic-dictionary')
)
Package translations Info: loading dictionary `translations-basic-dictionary' f
or `english'. on input line 77.

No file 959N1_L1_Introduction.nav.
<../_shared_pics/logo.png, id=12, 519.44063pt x 281.55188pt>
File: ../_shared_pics/logo.png Graphic file (type png)
<use ../_shared_pics/logo.png>
Package pdftex.def Info: ../_shared_pics/logo.png  used on input line 86.
(pdftex.def)             Requested size: 71.13188pt x 38.55347pt.
<../_shared_pics/SPRU.png, id=14, 719.68875pt x 141.52875pt>
File: ../_shared_pics/SPRU.png Graphic file (type png)
<use ../_shared_pics/SPRU.png>
Package pdftex.def Info: ../_shared_pics/SPRU.png  used on input line 86.
(pdftex.def)             Requested size: 113.81102pt x 22.37943pt.

Overfull \hbox (103.81102pt too wide) in paragraph at lines 86--86
[][]  
 []

[1

{C:/Users/David Eggleton/AppData/Local/MiKTeX/fonts/map/pdftex/pdftex.map} <../
_shared_pics/logo.png> <../_shared_pics/SPRU.png>]
No file 959N1_L1_Introduction.toc.
[2

]
<team.png, id=71, 627.34375pt x 469.755pt>
File: team.png Graphic file (type png)
<use team.png>
Package pdftex.def Info: team.png  used on input line 125.
(pdftex.def)             Requested size: 156.23674pt x 116.98688pt.
LaTeX Font Info:    Trying to load font information for U+msa on input line 125
.

(C:\Users\David Eggleton\AppData\Local\Programs\MiKTeX\tex/latex/amsfonts\umsa.
fd
File: umsa.fd 2013/01/14 v3.01 AMS symbols A
)
LaTeX Font Info:    Trying to load font information for U+msb on input line 125
.

(C:\Users\David Eggleton\AppData\Local\Programs\MiKTeX\tex/latex/amsfonts\umsb.
fd
File: umsb.fd 2013/01/14 v3.01 AMS symbols B
)
LaTeX Font Info:    Trying to load font information for OT1+mathkerncmss on inp
ut line 125.

(C:\Users\David Eggleton\AppData\Local\Programs\MiKTeX\tex/latex/sansmathaccent
\ot1mathkerncmss.fd
File: ot1mathkerncmss.fd 2020/01/31 Fontinst v1.933 font definitions for OT1/ma
thkerncmss.
) [3

 <./team.png>] [4

] [5

]
<airports-world-network.png, id=153, 3011.25pt x 2007.5pt>
File: airports-world-network.png Graphic file (type png)
<use airports-world-network.png>
Package pdftex.def Info: airports-world-network.png  used on input line 170.
(pdftex.def)             Requested size: 329.81415pt x 219.87608pt.
 [6

 <./airports-world-network.png>]
<facebook.jpg, id=182, 1439.3775pt x 719.68875pt>
File: facebook.jpg Graphic file (type jpg)
<use facebook.jpg>
Package pdftex.def Info: facebook.jpg  used on input line 180.
(pdftex.def)             Requested size: 347.19275pt x 173.59637pt.
 [7

 <./facebook.jpg>]
<tube.png, id=210, 1706.375pt x 1144.275pt>
File: tube.png Graphic file (type png)
<use tube.png>
Package pdftex.def Info: tube.png  used on input line 189.
(pdftex.def)             Requested size: 312.47186pt x 209.53995pt.
 [8

 <./tube.png>]
<disease_net.jpg, id=239, 844.15375pt x 1079.03125pt>
File: disease_net.jpg Graphic file (type jpg)
<use disease_net.jpg>
Package pdftex.def Info: disease_net.jpg  used on input line 198.
(pdftex.def)             Requested size: 168.44133pt x 215.30849pt.


LaTeX Warning: Citation `Goh2007' on page 9 undefined on input line 198.

[9

 <./disease_net.jpg>]
<crime.jpg, id=266, 1247.66125pt x 792.9625pt>
File: crime.jpg Graphic file (type jpg)
<use crime.jpg>
Package pdftex.def Info: crime.jpg  used on input line 207.
(pdftex.def)             Requested size: 347.1915pt x 220.66072pt.
 [10

 <./crime.jpg>]
<refugees.png, id=293, 678.03313pt x 537.00626pt>
File: refugees.png Graphic file (type png)
<use refugees.png>
Package pdftex.def Info: refugees.png  used on input line 216.
(pdftex.def)             Requested size: 271.86023pt x 215.31491pt.
 [11

 <./refugees.png>]
<outbreak.jpg, id=321, 308.352pt x 163.3302pt>
File: outbreak.jpg Graphic file (type jpg)
<use outbreak.jpg>
Package pdftex.def Info: outbreak.jpg  used on input line 227.
(pdftex.def)             Requested size: 347.20097pt x 183.908pt.


LaTeX Warning: Citation `Brockmann2013' on page 12 undefined on input line 227.


[12

 <./outbreak.jpg>]
<covid_network.png, id=348, 1039.38312pt x 675.52374pt>
File: covid_network.png Graphic file (type png)
<use covid_network.png>
Package pdftex.def Info: covid_network.png  used on input line 236.
(pdftex.def)             Requested size: 347.18445pt x 225.64474pt.


LaTeX Warning: Citation `Firth2020' on page 13 undefined on input line 236.

[13

 <./covid_network.png>]
<bbc_pandemic.png, id=377, 642.4pt x 293.095pt>
File: bbc_pandemic.png Graphic file (type png)
<use bbc_pandemic.png>
Package pdftex.def Info: bbc_pandemic.png  used on input line 247.
(pdftex.def)             Requested size: 277.75714pt x 126.73053pt.
 [14

 <./bbc_pandemic.png>]
<mobile.pdf, id=406, 440.64626pt x 406.51875pt>
File: mobile.pdf Graphic file (type pdf)
<use mobile.pdf>
Package pdftex.def Info: mobile.pdf  used on input line 255.
(pdftex.def)             Requested size: 233.39348pt x 215.31743pt.


LaTeX Warning: Citation `Wang2009' on page 15 undefined on input line 255.

[15

 <./mobile.pdf>]
<disney.jpeg, id=504, 2442.12375pt x 2137.9875pt>
File: disney.jpeg Graphic file (type jpg)
<use disney.jpeg>
Package pdftex.def Info: disney.jpeg  used on input line 264.
(pdftex.def)             Requested size: 245.94081pt x 215.31194pt.
 [16

 <./disney.jpeg>]
<marvel.png, id=531, 1138.2525pt x 1075.01625pt>
File: marvel.png Graphic file (type png)
<use marvel.png>
Package pdftex.def Info: marvel.png  used on input line 273.
(pdftex.def)             Requested size: 227.97647pt x 215.31111pt.
 [17

 <./marvel.png>]
<food.pdf, id=560, 531.9875pt x 334.24875pt>
File: food.pdf Graphic file (type pdf)
<use food.pdf>
Package pdftex.def Info: food.pdf  used on input line 282.
(pdftex.def)             Requested size: 347.20023pt x 218.14655pt.


LaTeX Warning: Citation `Ahn2011' on page 18 undefined on input line 282.

[18

 <./food.pdf>]
<alliances.pdf, id=661, 374.39874pt x 287.0725pt>
File: alliances.pdf Graphic file (type pdf)
<use alliances.pdf>
Package pdftex.def Info: alliances.pdf  used on input line 291.
(pdftex.def)             Requested size: 280.82121pt x 215.32137pt.


LaTeX Warning: Citation `Schilling2015' on page 19 undefined on input line 291.


[19

 <./alliances.pdf>]
<hidalgo.pdf, id=741, 611.48923pt x 539.16269pt>
File: hidalgo.pdf Graphic file (type pdf)
<use hidalgo.pdf>
Package pdftex.def Info: hidalgo.pdf  used on input line 300.
(pdftex.def)             Requested size: 244.19946pt x 215.31572pt.


LaTeX Warning: Citation `Hausmann2013' on page 20 undefined on input line 300.

[20

 <./hidalgo.pdf>]
<open_syllabus.png, id=808, 1162.3425pt x 789.95125pt>
File: open_syllabus.png Graphic file (type png)
<use open_syllabus.png>
Package pdftex.def Info: open_syllabus.png  used on input line 309.
(pdftex.def)             Requested size: 316.8163pt x 215.3147pt.
 [21

 <./open_syllabus.png>]
<nature.pdf, id=837, 1138.11195pt x 793.83177pt>
File: nature.pdf Graphic file (type pdf)
<use nature.pdf>
Package pdftex.def Info: nature.pdf  used on input line 320.
(pdftex.def)             Requested size: 312.46945pt x 217.94708pt.
 [22

 <./nature.pdf>]
<mapscience.pdf, id=906, 421.575pt x 459.7175pt>
File: mapscience.pdf Graphic file (type pdf)
<use mapscience.pdf>
Package pdftex.def Info: mapscience.pdf  used on input line 329.
(pdftex.def)             Requested size: 197.4584pt x 215.32368pt.


LaTeX Warning: Citation `Boyack2014' on page 23 undefined on input line 329.

[23

 <./mapscience.pdf>]
<collaboration.jpg, id=967, 2276.505pt x 1075.01625pt>
File: collaboration.jpg Graphic file (type jpg)
<use collaboration.jpg>
Package pdftex.def Info: collaboration.jpg  used on input line 338.
(pdftex.def)             Requested size: 347.19257pt x 163.95204pt.
 [24

 <./collaboration.jpg>]
<cruk.pdf, id=995, 514.89122pt x 397.51671pt>
File: cruk.pdf Graphic file (type pdf)
<use cruk.pdf>
Package pdftex.def Info: cruk.pdf  used on input line 347.
(pdftex.def)             Requested size: 278.89348pt x 215.31697pt.


LaTeX Warning: Citation `Grassano2017' on page 25 undefined on input line 347.

[25

 <./cruk.pdf>] [26

] [27

]
<pont.jpg, id=1129, 496.85625pt x 501.875pt>
File: pont.jpg Graphic file (type jpg)
<use pont.jpg>
Package pdftex.def Info: pont.jpg  used on input line 399.
(pdftex.def)             Requested size: 142.26378pt x 143.7021pt.
 [28

 <./pont.jpg>]
<pie.pdf, id=1157, 216.81pt x 216.81pt>
File: pie.pdf Graphic file (type pdf)
<use pie.pdf>
Package pdftex.def Info: pie.pdf  used on input line 437.
(pdftex.def)             Requested size: 182.27663pt x 182.28456pt.
 [29

 <./pie.pdf>]
File: pie.pdf Graphic file (type pdf)
<use pie.pdf>
Package pdftex.def Info: pie.pdf  used on input line 437.
(pdftex.def)             Requested size: 182.27663pt x 182.28456pt.
 [30

]
<money.png, id=1215, 426.76682pt x 284.5112pt>
File: money.png Graphic file (type png)
<use money.png>
Package pdftex.def Info: money.png  used on input line 446.
(pdftex.def)             Requested size: 312.47348pt x 208.32092pt.
 [31

 <./money.png>]
<languages.jpg, id=1244, 1212.53pt x 1495.5875pt>
File: languages.jpg Graphic file (type jpg)
<use languages.jpg>
Package pdftex.def Info: languages.jpg  used on input line 455.
(pdftex.def)             Requested size: 173.59755pt x 214.10472pt.
 [32

 <./languages.jpg>]
<atlas.png, id=1272, 1606.0pt x 1183.42125pt>
File: atlas.png Graphic file (type png)
<use atlas.png>
Package pdftex.def Info: atlas.png  used on input line 464.
(pdftex.def)             Requested size: 295.11797pt x 217.46684pt.
 [33

 <./atlas.png>]
<temperature.jpg, id=1301, 2589.675pt x 3128.68875pt>
File: temperature.jpg Graphic file (type jpg)
<use temperature.jpg>
Package pdftex.def Info: temperature.jpg  used on input line 473.
(pdftex.def)             Requested size: 187.48302pt x 226.47801pt.
 [34

 <./temperature.jpg>]
<economist.jpg, id=1328, 401.5pt x 527.9725pt>
File: economist.jpg Graphic file (type jpg)
<use economist.jpg>
Package pdftex.def Info: economist.jpg  used on input line 482.
(pdftex.def)             Requested size: 163.73997pt x 215.31812pt.

[35

 <./economist.jpg>] [36

]
<byte.png, id=1381, 467.7475pt x 781.92125pt>
File: byte.png Graphic file (type png)
<use byte.png>
Package pdftex.def Info: byte.png  used on input line 522.
(pdftex.def)             Requested size: 128.0374pt x 214.03276pt.
 [37

 <./byte.png>]
<moore.png, id=1412, 3129.6925pt x 2174.1225pt>
File: moore.png Graphic file (type png)
<use moore.png>
Package pdftex.def Info: moore.png  used on input line 532.
(pdftex.def)             Requested size: 312.47348pt x 217.06006pt.
 [38

 <./moore.png>]
<bigdata.jpg, id=1441, 3011.25pt x 1849.91125pt>
File: bigdata.jpg Graphic file (type jpg)
<use bigdata.jpg>
Package pdftex.def Info: bigdata.jpg  used on input line 541.
(pdftex.def)             Requested size: 347.19511pt x 213.28575pt.
 [39

 <./bigdata.jpg>] [40

] [41

]
<logo.png, id=1523, 519.44063pt x 281.55188pt>
File: logo.png Graphic file (type png)
<use logo.png>
Package pdftex.def Info: logo.png  used on input line 620.
(pdftex.def)             Requested size: 128.0374pt x 69.39967pt.
 [42

 <./logo.png>] [43

] [44

]
<example1.pdf, id=1604, 2392.85962pt x 3382.95877pt>
File: example1.pdf Graphic file (type pdf)
<use example1.pdf>
Package pdftex.def Info: example1.pdf  used on input line 674.
(pdftex.def)             Requested size: 183.50957pt x 259.48845pt.
 [45

 <./example1.pdf>]
<example2.jpg, id=1675, 1419.3025pt x 1003.75pt>
File: example2.jpg Graphic file (type jpg)
<use example2.jpg>
Package pdftex.def Info: example2.jpg  used on input line 682.
(pdftex.def)             Requested size: 366.90924pt x 259.48845pt.

Overfull \hbox (20.51411pt too wide) in paragraph at lines 682--682
 [][] 
 []

[46

 <./example2.jpg>]
<example3.jpg, id=1701, 1003.75pt x 1418.29875pt>
File: example3.jpg Graphic file (type jpg)
<use example3.jpg>
Package pdftex.def Info: example3.jpg  used on input line 690.
(pdftex.def)             Requested size: 164.30974pt x 232.17628pt.
 [47

 <./example3.jpg>]
<example4.jpg, id=1727, 1418.29875pt x 1003.75pt>
File: example4.jpg Graphic file (type jpg)
<use example4.jpg>
Package pdftex.def Info: example4.jpg  used on input line 699.
(pdftex.def)             Requested size: 328.06302pt x 232.17628pt.
 [48

 <./example4.jpg>]
<example5.jpg, id=1753, 1003.75pt x 1419.3025pt>
File: example5.jpg Graphic file (type jpg)
<use example5.jpg>
Package pdftex.def Info: example5.jpg  used on input line 707.
(pdftex.def)             Requested size: 183.51598pt x 259.48845pt.
 [49

 <./example5.jpg>]
<example6.jpg, id=1780, 1003.75pt x 1419.3025pt>
File: example6.jpg Graphic file (type jpg)
<use example6.jpg>
Package pdftex.def Info: example6.jpg  used on input line 715.
(pdftex.def)             Requested size: 183.51598pt x 259.48845pt.
 [50

 <./example6.jpg>]
<example7.jpg, id=1806, 1003.75pt x 1421.31pt>
File: example7.jpg Graphic file (type jpg)
<use example7.jpg>
Package pdftex.def Info: example7.jpg  used on input line 723.
(pdftex.def)             Requested size: 183.2556pt x 259.48845pt.
 [51

 <./example7.jpg>]
<example8.jpg, id=1832, 3011.25pt x 2126.94624pt>
File: example8.jpg Graphic file (type jpg)
<use example8.jpg>
Package pdftex.def Info: example8.jpg  used on input line 731.
(pdftex.def)             Requested size: 328.66544pt x 232.17628pt.
 [52

 <./example8.jpg>]
[53

] [54

]
Overfull \hbox (88.12207pt too wide) in paragraph at lines 805--805
[][][]  
 []

<flow_chart_group_work.pdf, id=1911, 558.16531pt x 60.225pt>
File: flow_chart_group_work.pdf Graphic file (type pdf)
<use flow_chart_group_work.pdf>
Package pdftex.def Info: flow_chart_group_work.pdf  used on input line 805.
(pdftex.def)             Requested size: 347.19511pt x 37.46132pt.
[55

 <./flow_chart_group_work.pdf

pdfTeX warning: miktex-pdftex.exe (file ./flow_chart_group_work.pdf): PDF inclu
sion: invalid other resource which is no dict (key 'ProcSets', type <array>); i
gnored.
>] [56

]
<wassermancover.jpg, id=1979, 321.2pt x 475.7775pt>
File: wassermancover.jpg Graphic file (type jpg)
<use wassermancover.jpg>
Package pdftex.def Info: wassermancover.jpg  used on input line 854.
(pdftex.def)             Requested size: 86.43599pt x 128.0374pt.
<igraphcover.jpg, id=1980, 910.40125pt x 1365.1pt>
File: igraphcover.jpg Graphic file (type jpg)
<use igraphcover.jpg>
Package pdftex.def Info: igraphcover.jpg  used on input line 854.
(pdftex.def)             Requested size: 85.37769pt x 128.0374pt.
<tufte.png, id=1981, 523.9575pt x 667.49374pt>
File: tufte.png Graphic file (type png)
<use tufte.png>
Package pdftex.def Info: tufte.png  used on input line 854.
(pdftex.def)             Requested size: 100.50435pt x 128.0374pt.
 [57

 <./wassermancover.jpg> <./igraphcover.jpg> <./tufte.png>]
<../_shared_pics/r_logo.png, id=2014, 170.7981pt x 129.6042pt>
File: ../_shared_pics/r_logo.png Graphic file (type png)
<use ../_shared_pics/r_logo.png>
Package pdftex.def Info: ../_shared_pics/r_logo.png  used on input line 880.
(pdftex.def)             Requested size: 37.4949pt x 28.45274pt.
<../_shared_pics/rstudio_logo.png, id=2015, 1204.5pt x 422.57875pt>
File: ../_shared_pics/rstudio_logo.png Graphic file (type png)
<use ../_shared_pics/rstudio_logo.png>
Package pdftex.def Info: ../_shared_pics/rstudio_logo.png  used on input line 8
80.
(pdftex.def)             Requested size: 81.08888pt x 28.45274pt.
<../_shared_pics/igraph_logo.png, id=2016, 331.2375pt x 114.4275pt>
File: ../_shared_pics/igraph_logo.png Graphic file (type png)
<use ../_shared_pics/igraph_logo.png>
Package pdftex.def Info: ../_shared_pics/igraph_logo.png  used on input line 88
0.
(pdftex.def)             Requested size: 82.35933pt x 28.45274pt.
<../_shared_pics/gephi_logo.png, id=2017, 1150.2975pt x 447.6725pt>
File: ../_shared_pics/gephi_logo.png Graphic file (type png)
<use ../_shared_pics/gephi_logo.png>
Package pdftex.def Info: ../_shared_pics/gephi_logo.png  used on input line 880
.
(pdftex.def)             Requested size: 73.1045pt x 28.45274pt.
<../_shared_pics/vos_logo.png, id=2018, 307.1475pt x 90.3375pt>
File: ../_shared_pics/vos_logo.png Graphic file (type png)
<use ../_shared_pics/vos_logo.png>
Package pdftex.def Info: ../_shared_pics/vos_logo.png  used on input line 880.
(pdftex.def)             Requested size: 96.7379pt x 28.45274pt.
 [58

 <../_shared_pics/r_logo.png> <../_shared_pics/rstudio_logo.png> <../_shared_pi
cs/igraph_logo.png> <../_shared_pics/gephi_logo.png> <../_shared_pics/vos_logo.
png>]
<canvas.png, id=2050, 1094.0875pt x 825.0825pt>
File: canvas.png Graphic file (type png)
<use canvas.png>
Package pdftex.def Info: canvas.png  used on input line 889.
(pdftex.def)             Requested size: 277.75714pt x 209.46791pt.

[59

 <./canvas.png>] [60

] [61

]
No file 959N1_L1_Introduction.bbl.
[62

]
\tf@nav=\write7
\openout7 = `959N1_L1_Introduction.nav'.

\tf@toc=\write8
\openout8 = `959N1_L1_Introduction.toc'.

\tf@snm=\write9
\openout9 = `959N1_L1_Introduction.snm'.

 (959N1_L1_Introduction.aux)

LaTeX Warning: There were undefined references.


Package rerunfilecheck Warning: File `959N1_L1_Introduction.out' has changed.
(rerunfilecheck)                Rerun to get outlines right
(rerunfilecheck)                or use package `bookmark'.

Package rerunfilecheck Info: Checksums for `959N1_L1_Introduction.out':
(rerunfilecheck)             Before: <no file>
(rerunfilecheck)             After:  D39A9AFEA9D1F5955F1298014DE7B3CC;561.
 ) 
Here is how much of TeX's memory you used:
 32987 strings out of 476406
 721237 string characters out of 2785283
 1861787 words of memory out of 3000000
 52606 multiletter control sequences out of 15000+600000
 521491 words of font info for 65 fonts, out of 8000000 for 9000
 1141 hyphenation exceptions out of 8191
 128i,14n,122p,682b,996s stack positions out of 10000i,1000n,20000p,200000b,80000s
<C:/Users/David Eggleton/AppData/Local/Programs/MiKTeX/fonts/type1/public/ams
fonts/cm/cmss10.pfb><C:/Users/David Eggleton/AppData/Local/Programs/MiKTeX/font
s/type1/public/amsfonts/cm/cmss12.pfb><C:/Users/David Eggleton/AppData/Local/Pr
ograms/MiKTeX/fonts/type1/public/amsfonts/cm/cmss17.pfb><C:/Users/David Eggleto
n/AppData/Local/Programs/MiKTeX/fonts/type1/public/amsfonts/cm/cmss8.pfb><C:/Us
ers/David Eggleton/AppData/Local/Programs/MiKTeX/fonts/type1/public/amsfonts/cm
/cmssbx10.pfb><C:/Users/David Eggleton/AppData/Local/Programs/MiKTeX/fonts/type
1/public/amsfonts/cm/cmssi8.pfb><C:/Users/David Eggleton/AppData/Local/Programs
/MiKTeX/fonts/type1/public/amsfonts/cm/cmtt8.pfb><C:/Users/David Eggleton/AppDa
ta/Local/Programs/MiKTeX/fonts/type1/public/amsfonts/symbols/msam5.pfb>
Output written on 959N1_L1_Introduction.pdf (62 pages, 42190990 bytes).
PDF statistics:
 2220 PDF objects out of 2487 (max. 8388607)
 129 named destinations out of 1000 (max. 500000)
 309 words of extra memory for PDF output out of 10000 (max. 10000000)

